<?xml version="1.0" encoding="UTF-8"?>
<!-- Generated by org.testng.reporters.JUnitXMLReporter -->
<testsuite ignored="0" hostname="Pradeep-SS195" failures="1" tests="3" name="Insistute" time="85.913" errors="0" timestamp="2024-05-20T08:46:47 IST">
  <testcase classname="io.cucumber.testng.AbstractTestNGCucumberTests" name="runScenario" time="12.945"/>
  <testcase classname="io.cucumber.testng.AbstractTestNGCucumberTests" name="runScenario" time="41.326"/>
  <testcase classname="io.cucumber.testng.AbstractTestNGCucumberTests" name="runScenario" time="25.266">
    <failure type="java.lang.AssertionError" message="null">
      <![CDATA[java.lang.AssertionError: null
at com.responsiveed.pages.SchoolYearPage.verifyRecord(SchoolYearPage.java:138)
at com.responsiveed.pages.SchoolYearPage.verifycreateSchoolYear(SchoolYearPage.java:91)
at com.responsiveed.stepdefination.InstituteStepdef.verifySchoolYearRecord(InstituteStepdef.java:89)
at ✽.Verify the add school year record "SchoolYearName" "StartDate" "EndDate" "ExtendedDate" "Action2"(file:///E:/ResponcesiveED_Space/AutomationResponsiveED07/src/test/resources/features/Institute.feature:57)
... Removed 2 stack frames]]>
    </failure>
  </testcase> <!-- runScenario -->
</testsuite> <!-- Insistute -->
