<?xml version="1.0" encoding="UTF-8"?>
<testsuite xmlns:xsi="http://www.w3.org/2001/XMLSchema-instance" xsi:noNamespaceSchemaLocation="https://maven.apache.org/surefire/maven-surefire-plugin/xsd/surefire-test-report-3.0.xsd" version="3.0" name="TestSuite" time="81.077" tests="3" errors="0" skipped="0" failures="2">
  <properties>
[...]
</properties>
  <testcase name="runScenario" classname="com.cucumber.TestRunner.InsistuteRunner" time="13.141"/>
  <testcase name="runScenario" classname="com.cucumber.TestRunner.InsistuteRunner" time="41.104">
    <failure message="element click intercepted: Element &lt;button type=&quot;button&quot; class=&quot;swal2-confirm swal2-styled&quot; aria-label=&quot;&quot; style=&quot;display: inline-block;&quot;&gt;...&lt;/button&gt; is not clickable at point (681, 361). Other element would receive the click: &lt;div class=&quot;swal2-actions&quot; style=&quot;display: flex;&quot;&gt;...&lt;/div&gt;&#10;  (Session info: chrome=124.0.6367.119)&#10;Build info: version: &apos;4.12.1&apos;, revision: &apos;8e34639b11&apos;&#10;System info: os.name: &apos;Windows 10&apos;, os.arch: &apos;amd64&apos;, os.version: &apos;10.0&apos;, java.version: &apos;11.0.21&apos;&#10;Driver info: org.openqa.selenium.chrome.ChromeDriver&#10;Command: [782ec5c14916c3a33f06cf950d77f4d2, clickElement {id=f.53E485F175CDF790C6FA835A46280E7A.d.87A9430163DA78EB311FB43CE3D28791.e.301}]&#10;Capabilities {acceptInsecureCerts: false, browserName: chrome, browserVersion: 124.0.6367.119, chrome: {chromedriverVersion: 124.0.6367.201 (46cf136d27d..., userDataDir: C:\Users\admin\AppData\Loca...}, fedcm:accounts: true, goog:chromeOptions: {debuggerAddress: localhost:56066}, networkConnectionEnabled: false, pageLoadStrategy: normal, platformName: windows, proxy: Proxy(), se:cdp: ws://localhost:56066/devtoo..., se:cdpVersion: 124.0.6367.119, setWindowRect: true, strictFileInteractability: false, timeouts: {implicit: 0, pageLoad: 300000, script: 30000}, unhandledPromptBehavior: dismiss and notify, webauthn:extension:credBlob: true, webauthn:extension:largeBlob: true, webauthn:extension:minPinLength: true, webauthn:extension:prf: true, webauthn:virtualAuthenticators: true}&#10;Element: [[ChromeDriver: chrome on windows (782ec5c14916c3a33f06cf950d77f4d2)] -&gt; xpath: //button[text()=&apos;Ok&apos;]]&#10;Session ID: 782ec5c14916c3a33f06cf950d77f4d2" type="org.openqa.selenium.ElementClickInterceptedException"><![CDATA[org.openqa.selenium.ElementClickInterceptedException: 
element click intercepted: Element <button type="button" class="swal2-confirm swal2-styled" aria-label="" style="display: inline-block;">...</button> is not clickable at point (681, 361). Other element would receive the click: <div class="swal2-actions" style="display: flex;">...</div>
  (Session info: chrome=124.0.6367.119)
Build info: version: '4.12.1', revision: '8e34639b11'
System info: os.name: 'Windows 10', os.arch: 'amd64', os.version: '10.0', java.version: '11.0.21'
Driver info: org.openqa.selenium.chrome.ChromeDriver
Command: [782ec5c14916c3a33f06cf950d77f4d2, clickElement {id=f.53E485F175CDF790C6FA835A46280E7A.d.87A9430163DA78EB311FB43CE3D28791.e.301}]
Capabilities {acceptInsecureCerts: false, browserName: chrome, browserVersion: 124.0.6367.119, chrome: {chromedriverVersion: 124.0.6367.201 (46cf136d27d..., userDataDir: C:\Users\admin\AppData\Loca...}, fedcm:accounts: true, goog:chromeOptions: {debuggerAddress: localhost:56066}, networkConnectionEnabled: false, pageLoadStrategy: normal, platformName: windows, proxy: Proxy(), se:cdp: ws://localhost:56066/devtoo..., se:cdpVersion: 124.0.6367.119, setWindowRect: true, strictFileInteractability: false, timeouts: {implicit: 0, pageLoad: 300000, script: 30000}, unhandledPromptBehavior: dismiss and notify, webauthn:extension:credBlob: true, webauthn:extension:largeBlob: true, webauthn:extension:minPinLength: true, webauthn:extension:prf: true, webauthn:virtualAuthenticators: true}
Element: [[ChromeDriver: chrome on windows (782ec5c14916c3a33f06cf950d77f4d2)] -> xpath: //button[text()='Ok']]
Session ID: 782ec5c14916c3a33f06cf950d77f4d2
]]></failure>
    <system-out><![CDATA[Test Method resides in com.cucumber.TestRunner.InsistuteRunner
Test Method had the following parameters : null"Verify the Filter Criteria in Institutions","Administrator - Institutions Management.",
Test Status: Pass
The execution of the main test starts now
About to begin executing following method : AbstractTestNGCucumberTests.runScenario

@Test:Insistute002 @TestName:InsistuteMarkInActive @InsistuteMarkInActive
Scenario Outline: Validate the insistute as InActive                                                     # src/test/resources/features/Institute.feature:41
********************Reading Testdata*******************************
1 : Status | Active
2 : Action | MarkInActive
3 : Action1 | Filter
4 : Screen | Institutions
5 : Product | All
6 : TestCaseName | Validate  if user update the insistute as Inactive then value should not shown in insistute dropdown of flowing screens UserManagement,Teacher,Advisor,StudentApplication and UserManagement
7 : System | No
8 : Name | Sapphirus Schools
9 : Active | Yes
10 : Active1 | No
11 : TC_ID | TC_ADMS_UM_002
12 : IsConsortium | Yes
13 : Status1 | Inactive
********************Testdata read sucessfully**********************
  Given Read the testdata "TC_ADMS_UM_002" "ResponcesiveEdQA.xlsx" "Institution"                         # com.responsiveed.stepdefination.CommonSetpdef.readData(java.lang.String,java.lang.String,java.lang.String)

  Given the user logs in with valid credentials                                                          # com.responsiveed.stepdefination.CommonSetpdef.the_user_logs_in_with_valid_credentials()

  When the user navigates to the "Screen" screen                                                         # com.responsiveed.stepdefination.InstituteStepdef.the_user_navigates_to_the_screen(java.lang.String)

  When user enter and select the "Product" "Name" "Status"                                               # com.responsiveed.stepdefination.InstituteStepdef.user_enter_and_select_the(java.lang.String,java.lang.String,java.lang.String)

  Then Click on GO button                                                                                # com.responsiveed.stepdefination.CommonSetpdef.click_on_GO_button()

  Then Verify the filter record in institutions table "Name" "Active" "System" "IsConsortium" "Action"   # com.responsiveed.stepdefination.InstituteStepdef.verify_the_filter_record_in_institutions_table(java.lang.String,java.lang.String,java.lang.String,java.lang.String,java.lang.String)

  And Click on Yes in the confirmation pop-up                                                            # com.responsiveed.stepdefination.CommonSetpdef.clickOnYESPopUp()

  And Click On OK                                                                                        # com.responsiveed.stepdefination.CommonSetpdef.clickOnOK()

  When user enter and select the "Product" "Name" "Status1"                                              # com.responsiveed.stepdefination.InstituteStepdef.user_enter_and_select_the(java.lang.String,java.lang.String,java.lang.String)

  Then Click on GO button                                                                                # com.responsiveed.stepdefination.CommonSetpdef.click_on_GO_button()

  Then Verify the filter record in institutions table "Name" "Active1" "System" "IsConsortium" "Action1" # com.responsiveed.stepdefination.InstituteStepdef.verify_the_filter_record_in_institutions_table(java.lang.String,java.lang.String,java.lang.String,java.lang.String,java.lang.String)

  And value should not show in the Insistitution dropdown "Name" in UserManagement                       # com.responsiveed.stepdefination.InstituteStepdef.value_should_not_show_in_the_Insistitution_dropdown_in_UserManagement(java.lang.String)

  And value should not show in the Insistitution dropdown "Name" in Teacher                              # com.responsiveed.stepdefination.InstituteStepdef.value_should_not_show_in_the_Insistitution_dropdown_in_Teacher(java.lang.String)

  And value should not show in the Insistitution dropdown "Name" in Student Application                  # com.responsiveed.stepdefination.InstituteStepdef.value_should_not_show_in_the_Insistitution_dropdown_in_Student_Application(java.lang.String)

  When the user navigates to the "Screen" screen                                                         # com.responsiveed.stepdefination.InstituteStepdef.the_user_navigates_to_the_screen(java.lang.String)

  When user enter and select the "Product" "Name" "Status1"                                              # com.responsiveed.stepdefination.InstituteStepdef.user_enter_and_select_the(java.lang.String,java.lang.String,java.lang.String)

  Then Click on GO button                                                                                # com.responsiveed.stepdefination.CommonSetpdef.click_on_GO_button()

  Then Verify the filter record in institutions table "Name" "Active1" "System" "IsConsortium" "Action"  # com.responsiveed.stepdefination.InstituteStepdef.verify_the_filter_record_in_institutions_table(java.lang.String,java.lang.String,java.lang.String,java.lang.String,java.lang.String)

  And Click on Yes in the confirmation pop-up                                                            # com.responsiveed.stepdefination.CommonSetpdef.clickOnYESPopUp()

  And Click On OK                                                                                        # com.responsiveed.stepdefination.CommonSetpdef.clickOnOK()
      org.openqa.selenium.ElementClickInterceptedException: element click intercepted: Element <button type="button" class="swal2-confirm swal2-styled" aria-label="" style="display: inline-block;">...</button> is not clickable at point (681, 361). Other element would receive the click: <div class="swal2-actions" style="display: flex;">...</div>
  (Session info: chrome=124.0.6367.119)
Build info: version: '4.12.1', revision: '8e34639b11'
System info: os.name: 'Windows 10', os.arch: 'amd64', os.version: '10.0', java.version: '11.0.21'
Driver info: org.openqa.selenium.chrome.ChromeDriver
Command: [782ec5c14916c3a33f06cf950d77f4d2, clickElement {id=f.53E485F175CDF790C6FA835A46280E7A.d.87A9430163DA78EB311FB43CE3D28791.e.301}]
Capabilities {acceptInsecureCerts: false, browserName: chrome, browserVersion: 124.0.6367.119, chrome: {chromedriverVersion: 124.0.6367.201 (46cf136d27d..., userDataDir: C:\Users\admin\AppData\Loca...}, fedcm:accounts: true, goog:chromeOptions: {debuggerAddress: localhost:56066}, networkConnectionEnabled: false, pageLoadStrategy: normal, platformName: windows, proxy: Proxy(), se:cdp: ws://localhost:56066/devtoo..., se:cdpVersion: 124.0.6367.119, setWindowRect: true, strictFileInteractability: false, timeouts: {implicit: 0, pageLoad: 300000, script: 30000}, unhandledPromptBehavior: dismiss and notify, webauthn:extension:credBlob: true, webauthn:extension:largeBlob: true, webauthn:extension:minPinLength: true, webauthn:extension:prf: true, webauthn:virtualAuthenticators: true}
Element: [[ChromeDriver: chrome on windows (782ec5c14916c3a33f06cf950d77f4d2)] -> xpath: //button[text()='Ok']]
Session ID: 782ec5c14916c3a33f06cf950d77f4d2
	at java.base/jdk.internal.reflect.NativeConstructorAccessorImpl.newInstance0(Native Method)
	at java.base/jdk.internal.reflect.NativeConstructorAccessorImpl.newInstance(NativeConstructorAccessorImpl.java:62)
	at java.base/jdk.internal.reflect.DelegatingConstructorAccessorImpl.newInstance(DelegatingConstructorAccessorImpl.java:45)
	at java.base/java.lang.reflect.Constructor.newInstance(Constructor.java:490)
	at org.openqa.selenium.remote.codec.w3c.W3CHttpResponseCodec.createException(W3CHttpResponseCodec.java:200)
	at org.openqa.selenium.remote.codec.w3c.W3CHttpResponseCodec.decode(W3CHttpResponseCodec.java:133)
	at org.openqa.selenium.remote.codec.w3c.W3CHttpResponseCodec.decode(W3CHttpResponseCodec.java:52)
	at org.openqa.selenium.remote.HttpCommandExecutor.execute(HttpCommandExecutor.java:191)
	at org.openqa.selenium.remote.service.DriverCommandExecutor.invokeExecute(DriverCommandExecutor.java:196)
	at org.openqa.selenium.remote.service.DriverCommandExecutor.execute(DriverCommandExecutor.java:171)
	at org.openqa.selenium.remote.RemoteWebDriver.execute(RemoteWebDriver.java:602)
	at org.openqa.selenium.remote.RemoteWebElement.execute(RemoteWebElement.java:224)
	at org.openqa.selenium.remote.RemoteWebElement.click(RemoteWebElement.java:77)
	at jdk.internal.reflect.GeneratedMethodAccessor2.invoke(Unknown Source)
	at java.base/jdk.internal.reflect.DelegatingMethodAccessorImpl.invoke(DelegatingMethodAccessorImpl.java:43)
	at java.base/java.lang.reflect.Method.invoke(Method.java:566)
	at org.openqa.selenium.support.pagefactory.internal.LocatingElementHandler.invoke(LocatingElementHandler.java:51)
	at com.sun.proxy.$Proxy31.click(Unknown Source)
	at com.responsiveed.pages.CommonElements.clickOnConfirmationbutton(CommonElements.java:63)
	at com.responsiveed.stepdefination.CommonSetpdef.clickOnOK(CommonSetpdef.java:25)
	at âœ½.Click On OK(file:///E:/ResponcesiveED_Space/AutomationResponsiveED07/src/test/resources/features/Institute.feature:37)



    Embedding 41 [image/png 127249 bytes]

22
22
Testcount : 2
ScenarioName : Validate  if user update the insistute as Inactive then value should not shown in insistute dropdown of flowing screens UserManagement,Teacher,Advisor,StudentApplication and UserManagement
Validation points : 22
Pass Count : 22
Fail Count : 0
App Name : ResponsiveED
collection[Validate  if user fill the Product, Name and Status and click on GO button then  verify the filter condition, 7, 7, 0, Validate  if user update the insistute as Inactive then value should not shown in insistute dropdown of flowing screens UserManagement,Teacher,Advisor,StudentApplication and UserManagement, 22, 22, 0]
Completed executing following method : AbstractTestNGCucumberTests.runScenario
]]></system-out>
  </testcase>
  <testcase name="runScenario" classname="com.cucumber.TestRunner.InsistuteRunner" time="16.187">
    <failure message="element click intercepted: Element &lt;button _ngcontent-ng-c1168238639=&quot;&quot; mat-flat-button=&quot;&quot; color=&quot;primary&quot; type=&quot;submit&quot; mat-ripple-loader-class-name=&quot;mat-mdc-button-ripple&quot; class=&quot;mdc-button mdc-button--unelevated mat-mdc-unelevated-button mat-primary mat-mdc-button-base&quot;&gt;...&lt;/button&gt; is not clickable at point (1122, 275). Other element would receive the click: &lt;div class=&quot;swal2-container swal2-center swal2-backdrop-show&quot; style=&quot;overflow-y: auto;&quot;&gt;...&lt;/div&gt;&#10;  (Session info: chrome=124.0.6367.119)&#10;Build info: version: &apos;4.12.1&apos;, revision: &apos;8e34639b11&apos;&#10;System info: os.name: &apos;Windows 10&apos;, os.arch: &apos;amd64&apos;, os.version: &apos;10.0&apos;, java.version: &apos;11.0.21&apos;&#10;Driver info: org.openqa.selenium.chrome.ChromeDriver&#10;Command: [782ec5c14916c3a33f06cf950d77f4d2, clickElement {id=f.53E485F175CDF790C6FA835A46280E7A.d.87A9430163DA78EB311FB43CE3D28791.e.283}]&#10;Capabilities {acceptInsecureCerts: false, browserName: chrome, browserVersion: 124.0.6367.119, chrome: {chromedriverVersion: 124.0.6367.201 (46cf136d27d..., userDataDir: C:\Users\admin\AppData\Loca...}, fedcm:accounts: true, goog:chromeOptions: {debuggerAddress: localhost:56066}, networkConnectionEnabled: false, pageLoadStrategy: normal, platformName: windows, proxy: Proxy(), se:cdp: ws://localhost:56066/devtoo..., se:cdpVersion: 124.0.6367.119, setWindowRect: true, strictFileInteractability: false, timeouts: {implicit: 0, pageLoad: 300000, script: 30000}, unhandledPromptBehavior: dismiss and notify, webauthn:extension:credBlob: true, webauthn:extension:largeBlob: true, webauthn:extension:minPinLength: true, webauthn:extension:prf: true, webauthn:virtualAuthenticators: true}&#10;Element: [[ChromeDriver: chrome on windows (782ec5c14916c3a33f06cf950d77f4d2)] -&gt; xpath: //*[text()=&apos;GO&apos;]//parent::button]&#10;Session ID: 782ec5c14916c3a33f06cf950d77f4d2" type="org.openqa.selenium.ElementClickInterceptedException"><![CDATA[org.openqa.selenium.ElementClickInterceptedException: 
element click intercepted: Element <button _ngcontent-ng-c1168238639="" mat-flat-button="" color="primary" type="submit" mat-ripple-loader-class-name="mat-mdc-button-ripple" class="mdc-button mdc-button--unelevated mat-mdc-unelevated-button mat-primary mat-mdc-button-base">...</button> is not clickable at point (1122, 275). Other element would receive the click: <div class="swal2-container swal2-center swal2-backdrop-show" style="overflow-y: auto;">...</div>
  (Session info: chrome=124.0.6367.119)
Build info: version: '4.12.1', revision: '8e34639b11'
System info: os.name: 'Windows 10', os.arch: 'amd64', os.version: '10.0', java.version: '11.0.21'
Driver info: org.openqa.selenium.chrome.ChromeDriver
Command: [782ec5c14916c3a33f06cf950d77f4d2, clickElement {id=f.53E485F175CDF790C6FA835A46280E7A.d.87A9430163DA78EB311FB43CE3D28791.e.283}]
Capabilities {acceptInsecureCerts: false, browserName: chrome, browserVersion: 124.0.6367.119, chrome: {chromedriverVersion: 124.0.6367.201 (46cf136d27d..., userDataDir: C:\Users\admin\AppData\Loca...}, fedcm:accounts: true, goog:chromeOptions: {debuggerAddress: localhost:56066}, networkConnectionEnabled: false, pageLoadStrategy: normal, platformName: windows, proxy: Proxy(), se:cdp: ws://localhost:56066/devtoo..., se:cdpVersion: 124.0.6367.119, setWindowRect: true, strictFileInteractability: false, timeouts: {implicit: 0, pageLoad: 300000, script: 30000}, unhandledPromptBehavior: dismiss and notify, webauthn:extension:credBlob: true, webauthn:extension:largeBlob: true, webauthn:extension:minPinLength: true, webauthn:extension:prf: true, webauthn:virtualAuthenticators: true}
Element: [[ChromeDriver: chrome on windows (782ec5c14916c3a33f06cf950d77f4d2)] -> xpath: //*[text()='GO']//parent::button]
Session ID: 782ec5c14916c3a33f06cf950d77f4d2
]]></failure>
    <system-out><![CDATA[The execution of the main test starts now
About to begin executing following method : AbstractTestNGCucumberTests.runScenario

@Test:Insistute003 @TestName:InsistuteCreateSchoolYear @CreateSchoolYear
Scenario Outline: Validate the insistute as InActive                                                     # src/test/resources/features/Institute.feature:56
********************Reading Testdata*******************************
1 : Status | Active
2 : ExtendedDate | null
3 : Action | SearchIcon
4 : Screen | Institutions
5 : Product | All
6 : GlobalSchoolYear | 2024-2025
7 : TestCaseName | Validate if user can create school in school year tab in Insistitute detail page
8 : EndDate | 05/12/2024
9 : System | No
10 : Name | Sapphirus Schools
11 : StartDate | 05/07/2024
12 : Active | Yes
13 : SchoolYearName | TestYear
14 : TC_ID | TC_ADMS_SY_001
15 : IsConsortium | Yes
********************Testdata read sucessfully**********************
  Given Read the testdata "TC_ADMS_SY_001" "ResponcesiveEdQA.xlsx" "SchoolYear"                          # com.responsiveed.stepdefination.CommonSetpdef.readData(java.lang.String,java.lang.String,java.lang.String)

  Given the user logs in with valid credentials                                                          # com.responsiveed.stepdefination.CommonSetpdef.the_user_logs_in_with_valid_credentials()

  When the user navigates to the "Screen" screen                                                         # com.responsiveed.stepdefination.InstituteStepdef.the_user_navigates_to_the_screen(java.lang.String)

  When user enter and select the "Product" "Name" "Status"                                               # com.responsiveed.stepdefination.InstituteStepdef.user_enter_and_select_the(java.lang.String,java.lang.String,java.lang.String)

  Then Click on GO button                                                                                # com.responsiveed.stepdefination.CommonSetpdef.click_on_GO_button()
      org.openqa.selenium.ElementClickInterceptedException: element click intercepted: Element <button _ngcontent-ng-c1168238639="" mat-flat-button="" color="primary" type="submit" mat-ripple-loader-class-name="mat-mdc-button-ripple" class="mdc-button mdc-button--unelevated mat-mdc-unelevated-button mat-primary mat-mdc-button-base">...</button> is not clickable at point (1122, 275). Other element would receive the click: <div class="swal2-container swal2-center swal2-backdrop-show" style="overflow-y: auto;">...</div>
  (Session info: chrome=124.0.6367.119)
Build info: version: '4.12.1', revision: '8e34639b11'
System info: os.name: 'Windows 10', os.arch: 'amd64', os.version: '10.0', java.version: '11.0.21'
Driver info: org.openqa.selenium.chrome.ChromeDriver
Command: [782ec5c14916c3a33f06cf950d77f4d2, clickElement {id=f.53E485F175CDF790C6FA835A46280E7A.d.87A9430163DA78EB311FB43CE3D28791.e.283}]
Capabilities {acceptInsecureCerts: false, browserName: chrome, browserVersion: 124.0.6367.119, chrome: {chromedriverVersion: 124.0.6367.201 (46cf136d27d..., userDataDir: C:\Users\admin\AppData\Loca...}, fedcm:accounts: true, goog:chromeOptions: {debuggerAddress: localhost:56066}, networkConnectionEnabled: false, pageLoadStrategy: normal, platformName: windows, proxy: Proxy(), se:cdp: ws://localhost:56066/devtoo..., se:cdpVersion: 124.0.6367.119, setWindowRect: true, strictFileInteractability: false, timeouts: {implicit: 0, pageLoad: 300000, script: 30000}, unhandledPromptBehavior: dismiss and notify, webauthn:extension:credBlob: true, webauthn:extension:largeBlob: true, webauthn:extension:minPinLength: true, webauthn:extension:prf: true, webauthn:virtualAuthenticators: true}
Element: [[ChromeDriver: chrome on windows (782ec5c14916c3a33f06cf950d77f4d2)] -> xpath: //*[text()='GO']//parent::button]
Session ID: 782ec5c14916c3a33f06cf950d77f4d2
	at java.base/jdk.internal.reflect.NativeConstructorAccessorImpl.newInstance0(Native Method)
	at java.base/jdk.internal.reflect.NativeConstructorAccessorImpl.newInstance(NativeConstructorAccessorImpl.java:62)
	at java.base/jdk.internal.reflect.DelegatingConstructorAccessorImpl.newInstance(DelegatingConstructorAccessorImpl.java:45)
	at java.base/java.lang.reflect.Constructor.newInstance(Constructor.java:490)
	at org.openqa.selenium.remote.codec.w3c.W3CHttpResponseCodec.createException(W3CHttpResponseCodec.java:200)
	at org.openqa.selenium.remote.codec.w3c.W3CHttpResponseCodec.decode(W3CHttpResponseCodec.java:133)
	at org.openqa.selenium.remote.codec.w3c.W3CHttpResponseCodec.decode(W3CHttpResponseCodec.java:52)
	at org.openqa.selenium.remote.HttpCommandExecutor.execute(HttpCommandExecutor.java:191)
	at org.openqa.selenium.remote.service.DriverCommandExecutor.invokeExecute(DriverCommandExecutor.java:196)
	at org.openqa.selenium.remote.service.DriverCommandExecutor.execute(DriverCommandExecutor.java:171)
	at org.openqa.selenium.remote.RemoteWebDriver.execute(RemoteWebDriver.java:602)
	at org.openqa.selenium.remote.RemoteWebElement.execute(RemoteWebElement.java:224)
	at org.openqa.selenium.remote.RemoteWebElement.click(RemoteWebElement.java:77)
	at jdk.internal.reflect.GeneratedMethodAccessor2.invoke(Unknown Source)
	at java.base/jdk.internal.reflect.DelegatingMethodAccessorImpl.invoke(DelegatingMethodAccessorImpl.java:43)
	at java.base/java.lang.reflect.Method.invoke(Method.java:566)
	at org.openqa.selenium.support.pagefactory.internal.LocatingElementHandler.invoke(LocatingElementHandler.java:51)
	at com.sun.proxy.$Proxy31.click(Unknown Source)
	at com.responsiveed.pages.CommonElements.clickGobutton(CommonElements.java:68)
	at com.responsiveed.stepdefination.CommonSetpdef.click_on_GO_button(CommonSetpdef.java:52)
	at âœ½.Click on GO button(file:///E:/ResponcesiveED_Space/AutomationResponsiveED07/src/test/resources/features/Institute.feature:49)



    Embedding 56 [image/png 126269 bytes]

  And Verify the filter record in institutions table "Name" "Active" "System" "IsConsortium" "Action"    # com.responsiveed.stepdefination.InstituteStepdef.verify_the_filter_record_in_institutions_table(java.lang.String,java.lang.String,java.lang.String,java.lang.String,java.lang.String)
  When Click on the Add School Year                                                                      # com.responsiveed.stepdefination.InstituteStepdef.clickAddSchoolYear()
  And Click on the create                                                                                # com.responsiveed.stepdefination.InstituteStepdef.clickCreate()
  When Enter the details in create school year "GlobalSchoolYear" "SchoolYearName" "StartDate" "EndDate" # com.responsiveed.stepdefination.InstituteStepdef.enterdetailsinCreateschoolyear(java.lang.String,java.lang.String,java.lang.String,java.lang.String)
6
5
Testcount : 3
ScenarioName : Validate if user can create school in school year tab in Insistitute detail page
Validation points : 6
Pass Count : 5
Fail Count : 1
App Name : ResponsiveED
collection[Validate  if user fill the Product, Name and Status and click on GO button then  verify the filter condition, 7, 7, 0, Validate  if user update the insistute as Inactive then value should not shown in insistute dropdown of flowing screens UserManagement,Teacher,Advisor,StudentApplication and UserManagement, 22, 22, 0, Validate if user can create school in school year tab in Insistitute detail page, 6, 5, 1]
Completed executing following method : AbstractTestNGCucumberTests.runScenario
]]></system-out>
    <system-err><![CDATA[org.openqa.selenium.ElementClickInterceptedException: element click intercepted: Element <mat-list-item class="mat-mdc-list-item mdc-list-item mat-mdc-tooltip-trigger menu-list-item mat-mdc-list-item-interactive ng-tns-c68032447-25 mdc-list-item--with-leading-icon mat-mdc-list-item-single-line mdc-list-item--with-one-line ng-star-inserted mat-toolbar mat-accent activeMenu" aria-disabled="false">...</mat-list-item> is not clickable at point (150, 242). Other element would receive the click: <div class="swal2-container swal2-center swal2-backdrop-show" style="overflow-y: auto;">...</div>
  (Session info: chrome=124.0.6367.119)
Build info: version: '4.12.1', revision: '8e34639b11'
System info: os.name: 'Windows 10', os.arch: 'amd64', os.version: '10.0', java.version: '11.0.21'
Driver info: org.openqa.selenium.chrome.ChromeDriver
Command: [782ec5c14916c3a33f06cf950d77f4d2, clickElement {id=f.53E485F175CDF790C6FA835A46280E7A.d.87A9430163DA78EB311FB43CE3D28791.e.57}]
Capabilities {acceptInsecureCerts: false, browserName: chrome, browserVersion: 124.0.6367.119, chrome: {chromedriverVersion: 124.0.6367.201 (46cf136d27d..., userDataDir: C:\Users\admin\AppData\Loca...}, fedcm:accounts: true, goog:chromeOptions: {debuggerAddress: localhost:56066}, networkConnectionEnabled: false, pageLoadStrategy: normal, platformName: windows, proxy: Proxy(), se:cdp: ws://localhost:56066/devtoo..., se:cdpVersion: 124.0.6367.119, setWindowRect: true, strictFileInteractability: false, timeouts: {implicit: 0, pageLoad: 300000, script: 30000}, unhandledPromptBehavior: dismiss and notify, webauthn:extension:credBlob: true, webauthn:extension:largeBlob: true, webauthn:extension:minPinLength: true, webauthn:extension:prf: true, webauthn:virtualAuthenticators: true}
Element: [[ChromeDriver: chrome on windows (782ec5c14916c3a33f06cf950d77f4d2)] -> xpath: //div[contains(@class,'focus-indicator')]//parent::*]
Session ID: 782ec5c14916c3a33f06cf950d77f4d2
	at java.base/jdk.internal.reflect.NativeConstructorAccessorImpl.newInstance0(Native Method)
	at java.base/jdk.internal.reflect.NativeConstructorAccessorImpl.newInstance(NativeConstructorAccessorImpl.java:62)
	at java.base/jdk.internal.reflect.DelegatingConstructorAccessorImpl.newInstance(DelegatingConstructorAccessorImpl.java:45)
	at java.base/java.lang.reflect.Constructor.newInstance(Constructor.java:490)
	at org.openqa.selenium.remote.codec.w3c.W3CHttpResponseCodec.createException(W3CHttpResponseCodec.java:200)
	at org.openqa.selenium.remote.codec.w3c.W3CHttpResponseCodec.decode(W3CHttpResponseCodec.java:133)
	at org.openqa.selenium.remote.codec.w3c.W3CHttpResponseCodec.decode(W3CHttpResponseCodec.java:52)
	at org.openqa.selenium.remote.HttpCommandExecutor.execute(HttpCommandExecutor.java:191)
	at org.openqa.selenium.remote.service.DriverCommandExecutor.invokeExecute(DriverCommandExecutor.java:196)
	at org.openqa.selenium.remote.service.DriverCommandExecutor.execute(DriverCommandExecutor.java:171)
	at org.openqa.selenium.remote.RemoteWebDriver.execute(RemoteWebDriver.java:602)
	at org.openqa.selenium.remote.RemoteWebElement.execute(RemoteWebElement.java:224)
	at org.openqa.selenium.remote.RemoteWebElement.click(RemoteWebElement.java:77)
	at com.responsiveed.pages.CommonElements.clickOnMenuItem(CommonElements.java:44)
	at com.responsiveed.stepdefination.InstituteStepdef.the_user_navigates_to_the_screen(InstituteStepdef.java:23)
	at java.base/jdk.internal.reflect.NativeMethodAccessorImpl.invoke0(Native Method)
	at java.base/jdk.internal.reflect.NativeMethodAccessorImpl.invoke(NativeMethodAccessorImpl.java:62)
	at java.base/jdk.internal.reflect.DelegatingMethodAccessorImpl.invoke(DelegatingMethodAccessorImpl.java:43)
	at java.base/java.lang.reflect.Method.invoke(Method.java:566)
	at io.cucumber.java.Invoker.doInvoke(Invoker.java:66)
	at io.cucumber.java.Invoker.invoke(Invoker.java:24)
	at io.cucumber.java.AbstractGlueDefinition.invokeMethod(AbstractGlueDefinition.java:47)
	at io.cucumber.java.JavaStepDefinition.execute(JavaStepDefinition.java:29)
	at io.cucumber.core.runner.CoreStepDefinition.execute(CoreStepDefinition.java:66)
	at io.cucumber.core.runner.PickleStepDefinitionMatch.runStep(PickleStepDefinitionMatch.java:63)
	at io.cucumber.core.runner.ExecutionMode$1.execute(ExecutionMode.java:10)
	at io.cucumber.core.runner.TestStep.executeStep(TestStep.java:84)
	at io.cucumber.core.runner.TestStep.run(TestStep.java:56)
	at io.cucumber.core.runner.PickleStepTestStep.run(PickleStepTestStep.java:51)
	at io.cucumber.core.runner.TestCase.run(TestCase.java:84)
	at io.cucumber.core.runner.Runner.runPickle(Runner.java:75)
	at io.cucumber.testng.TestNGCucumberRunner.lambda$runScenario$1(TestNGCucumberRunner.java:132)
	at io.cucumber.core.runtime.CucumberExecutionContext.lambda$runTestCase$5(CucumberExecutionContext.java:137)
	at io.cucumber.core.runtime.RethrowingThrowableCollector.executeAndThrow(RethrowingThrowableCollector.java:23)
	at io.cucumber.core.runtime.CucumberExecutionContext.runTestCase(CucumberExecutionContext.java:137)
	at io.cucumber.testng.TestNGCucumberRunner.runScenario(TestNGCucumberRunner.java:129)
	at io.cucumber.testng.AbstractTestNGCucumberTests.runScenario(AbstractTestNGCucumberTests.java:35)
	at java.base/jdk.internal.reflect.NativeMethodAccessorImpl.invoke0(Native Method)
	at java.base/jdk.internal.reflect.NativeMethodAccessorImpl.invoke(NativeMethodAccessorImpl.java:62)
	at java.base/jdk.internal.reflect.DelegatingMethodAccessorImpl.invoke(DelegatingMethodAccessorImpl.java:43)
	at java.base/java.lang.reflect.Method.invoke(Method.java:566)
	at org.testng.internal.MethodInvocationHelper.invokeMethod(MethodInvocationHelper.java:86)
	at org.testng.internal.Invoker.invokeMethod(Invoker.java:643)
	at org.testng.internal.Invoker.invokeTestMethod(Invoker.java:820)
	at org.testng.internal.Invoker.invokeTestMethods(Invoker.java:1128)
	at org.testng.internal.TestMethodWorker.invokeTestMethods(TestMethodWorker.java:129)
	at org.testng.internal.TestMethodWorker.run(TestMethodWorker.java:112)
	at org.testng.TestRunner.privateRun(TestRunner.java:782)
	at org.testng.TestRunner.run(TestRunner.java:632)
	at org.testng.SuiteRunner.runTest(SuiteRunner.java:366)
	at org.testng.SuiteRunner.runSequentially(SuiteRunner.java:361)
	at org.testng.SuiteRunner.privateRun(SuiteRunner.java:319)
	at org.testng.SuiteRunner.run(SuiteRunner.java:268)
	at org.testng.SuiteRunnerWorker.runSuite(SuiteRunnerWorker.java:52)
	at org.testng.SuiteRunnerWorker.run(SuiteRunnerWorker.java:86)
	at org.testng.TestNG.runSuitesSequentially(TestNG.java:1244)
	at org.testng.TestNG.runSuitesLocally(TestNG.java:1169)
	at org.testng.TestNG.run(TestNG.java:1064)
	at org.apache.maven.surefire.testng.TestNGExecutor.run(TestNGExecutor.java:283)
	at org.apache.maven.surefire.testng.TestNGXmlTestSuite.execute(TestNGXmlTestSuite.java:75)
	at org.apache.maven.surefire.testng.TestNGProvider.invoke(TestNGProvider.java:120)
	at org.apache.maven.surefire.booter.ForkedBooter.invokeProviderInSameClassLoader(ForkedBooter.java:384)
	at org.apache.maven.surefire.booter.ForkedBooter.runSuitesInProcess(ForkedBooter.java:345)
	at org.apache.maven.surefire.booter.ForkedBooter.execute(ForkedBooter.java:126)
	at org.apache.maven.surefire.booter.ForkedBooter.main(ForkedBooter.java:418)
org.openqa.selenium.ElementClickInterceptedException: element click intercepted: Element <mat-select _ngcontent-ng-c1168238639="" role="combobox" aria-autocomplete="none" aria-haspopup="listbox" ngskiphydration="" formcontrolname="product_id" required="" class="mat-mdc-select ng-tns-c1560157577-69 ng-tns-c3673195382-68 mat-mdc-select-required ng-pristine ng-valid ng-star-inserted ng-touched" aria-labelledby="mat-mdc-form-field-label-36 mat-select-value-33" id="mat-select-32" tabindex="0" aria-expanded="false" aria-required="true" aria-disabled="false" aria-invalid="false">...</mat-select> is not clickable at point (437, 275). Other element would receive the click: <div aria-labelledby="swal2-title" aria-describedby="swal2-html-container" class="swal2-popup swal2-modal swal2-icon-success swal2-show" tabindex="-1" role="dialog" aria-live="assertive" aria-modal="true" style="display: grid;">...</div>
  (Session info: chrome=124.0.6367.119)
Build info: version: '4.12.1', revision: '8e34639b11'
System info: os.name: 'Windows 10', os.arch: 'amd64', os.version: '10.0', java.version: '11.0.21'
Driver info: org.openqa.selenium.chrome.ChromeDriver
Command: [782ec5c14916c3a33f06cf950d77f4d2, clickElement {id=f.53E485F175CDF790C6FA835A46280E7A.d.87A9430163DA78EB311FB43CE3D28791.e.250}]
Capabilities {acceptInsecureCerts: false, browserName: chrome, browserVersion: 124.0.6367.119, chrome: {chromedriverVersion: 124.0.6367.201 (46cf136d27d..., userDataDir: C:\Users\admin\AppData\Loca...}, fedcm:accounts: true, goog:chromeOptions: {debuggerAddress: localhost:56066}, networkConnectionEnabled: false, pageLoadStrategy: normal, platformName: windows, proxy: Proxy(), se:cdp: ws://localhost:56066/devtoo..., se:cdpVersion: 124.0.6367.119, setWindowRect: true, strictFileInteractability: false, timeouts: {implicit: 0, pageLoad: 300000, script: 30000}, unhandledPromptBehavior: dismiss and notify, webauthn:extension:credBlob: true, webauthn:extension:largeBlob: true, webauthn:extension:minPinLength: true, webauthn:extension:prf: true, webauthn:virtualAuthenticators: true}
Element: [[ChromeDriver: chrome on windows (782ec5c14916c3a33f06cf950d77f4d2)] -> xpath: //mat-select[@formcontrolname='product_id']]
Session ID: 782ec5c14916c3a33f06cf950d77f4d2
	at java.base/jdk.internal.reflect.NativeConstructorAccessorImpl.newInstance0(Native Method)
	at java.base/jdk.internal.reflect.NativeConstructorAccessorImpl.newInstance(NativeConstructorAccessorImpl.java:62)
	at java.base/jdk.internal.reflect.DelegatingConstructorAccessorImpl.newInstance(DelegatingConstructorAccessorImpl.java:45)
	at java.base/java.lang.reflect.Constructor.newInstance(Constructor.java:490)
	at org.openqa.selenium.remote.codec.w3c.W3CHttpResponseCodec.createException(W3CHttpResponseCodec.java:200)
	at org.openqa.selenium.remote.codec.w3c.W3CHttpResponseCodec.decode(W3CHttpResponseCodec.java:133)
	at org.openqa.selenium.remote.codec.w3c.W3CHttpResponseCodec.decode(W3CHttpResponseCodec.java:52)
	at org.openqa.selenium.remote.HttpCommandExecutor.execute(HttpCommandExecutor.java:191)
	at org.openqa.selenium.remote.service.DriverCommandExecutor.invokeExecute(DriverCommandExecutor.java:196)
	at org.openqa.selenium.remote.service.DriverCommandExecutor.execute(DriverCommandExecutor.java:171)
	at org.openqa.selenium.remote.RemoteWebDriver.execute(RemoteWebDriver.java:602)
	at org.openqa.selenium.remote.RemoteWebElement.execute(RemoteWebElement.java:224)
	at org.openqa.selenium.remote.RemoteWebElement.click(RemoteWebElement.java:77)
	at jdk.internal.reflect.GeneratedMethodAccessor2.invoke(Unknown Source)
	at java.base/jdk.internal.reflect.DelegatingMethodAccessorImpl.invoke(DelegatingMethodAccessorImpl.java:43)
	at java.base/java.lang.reflect.Method.invoke(Method.java:566)
	at org.openqa.selenium.support.pagefactory.internal.LocatingElementHandler.invoke(LocatingElementHandler.java:51)
	at com.sun.proxy.$Proxy31.click(Unknown Source)
	at common.CommonMethods.matSelectdropdown(CommonMethods.java:20)
	at com.responsiveed.pages.InsistitutePage.selectProduct(InsistitutePage.java:47)
	at com.responsiveed.stepdefination.InstituteStepdef.user_enter_and_select_the(InstituteStepdef.java:29)
	at java.base/jdk.internal.reflect.NativeMethodAccessorImpl.invoke0(Native Method)
	at java.base/jdk.internal.reflect.NativeMethodAccessorImpl.invoke(NativeMethodAccessorImpl.java:62)
	at java.base/jdk.internal.reflect.DelegatingMethodAccessorImpl.invoke(DelegatingMethodAccessorImpl.java:43)
	at java.base/java.lang.reflect.Method.invoke(Method.java:566)
	at io.cucumber.java.Invoker.doInvoke(Invoker.java:66)
	at io.cucumber.java.Invoker.invoke(Invoker.java:24)
	at io.cucumber.java.AbstractGlueDefinition.invokeMethod(AbstractGlueDefinition.java:47)
	at io.cucumber.java.JavaStepDefinition.execute(JavaStepDefinition.java:29)
	at io.cucumber.core.runner.CoreStepDefinition.execute(CoreStepDefinition.java:66)
	at io.cucumber.core.runner.PickleStepDefinitionMatch.runStep(PickleStepDefinitionMatch.java:63)
	at io.cucumber.core.runner.ExecutionMode$1.execute(ExecutionMode.java:10)
	at io.cucumber.core.runner.TestStep.executeStep(TestStep.java:84)
	at io.cucumber.core.runner.TestStep.run(TestStep.java:56)
	at io.cucumber.core.runner.PickleStepTestStep.run(PickleStepTestStep.java:51)
	at io.cucumber.core.runner.TestCase.run(TestCase.java:84)
	at io.cucumber.core.runner.Runner.runPickle(Runner.java:75)
	at io.cucumber.testng.TestNGCucumberRunner.lambda$runScenario$1(TestNGCucumberRunner.java:132)
	at io.cucumber.core.runtime.CucumberExecutionContext.lambda$runTestCase$5(CucumberExecutionContext.java:137)
	at io.cucumber.core.runtime.RethrowingThrowableCollector.executeAndThrow(RethrowingThrowableCollector.java:23)
	at io.cucumber.core.runtime.CucumberExecutionContext.runTestCase(CucumberExecutionContext.java:137)
	at io.cucumber.testng.TestNGCucumberRunner.runScenario(TestNGCucumberRunner.java:129)
	at io.cucumber.testng.AbstractTestNGCucumberTests.runScenario(AbstractTestNGCucumberTests.java:35)
	at java.base/jdk.internal.reflect.NativeMethodAccessorImpl.invoke0(Native Method)
	at java.base/jdk.internal.reflect.NativeMethodAccessorImpl.invoke(NativeMethodAccessorImpl.java:62)
	at java.base/jdk.internal.reflect.DelegatingMethodAccessorImpl.invoke(DelegatingMethodAccessorImpl.java:43)
	at java.base/java.lang.reflect.Method.invoke(Method.java:566)
	at org.testng.internal.MethodInvocationHelper.invokeMethod(MethodInvocationHelper.java:86)
	at org.testng.internal.Invoker.invokeMethod(Invoker.java:643)
	at org.testng.internal.Invoker.invokeTestMethod(Invoker.java:820)
	at org.testng.internal.Invoker.invokeTestMethods(Invoker.java:1128)
	at org.testng.internal.TestMethodWorker.invokeTestMethods(TestMethodWorker.java:129)
	at org.testng.internal.TestMethodWorker.run(TestMethodWorker.java:112)
	at org.testng.TestRunner.privateRun(TestRunner.java:782)
	at org.testng.TestRunner.run(TestRunner.java:632)
	at org.testng.SuiteRunner.runTest(SuiteRunner.java:366)
	at org.testng.SuiteRunner.runSequentially(SuiteRunner.java:361)
	at org.testng.SuiteRunner.privateRun(SuiteRunner.java:319)
	at org.testng.SuiteRunner.run(SuiteRunner.java:268)
	at org.testng.SuiteRunnerWorker.runSuite(SuiteRunnerWorker.java:52)
	at org.testng.SuiteRunnerWorker.run(SuiteRunnerWorker.java:86)
	at org.testng.TestNG.runSuitesSequentially(TestNG.java:1244)
	at org.testng.TestNG.runSuitesLocally(TestNG.java:1169)
	at org.testng.TestNG.run(TestNG.java:1064)
	at org.apache.maven.surefire.testng.TestNGExecutor.run(TestNGExecutor.java:283)
	at org.apache.maven.surefire.testng.TestNGXmlTestSuite.execute(TestNGXmlTestSuite.java:75)
	at org.apache.maven.surefire.testng.TestNGProvider.invoke(TestNGProvider.java:120)
	at org.apache.maven.surefire.booter.ForkedBooter.invokeProviderInSameClassLoader(ForkedBooter.java:384)
	at org.apache.maven.surefire.booter.ForkedBooter.runSuitesInProcess(ForkedBooter.java:345)
	at org.apache.maven.surefire.booter.ForkedBooter.execute(ForkedBooter.java:126)
	at org.apache.maven.surefire.booter.ForkedBooter.main(ForkedBooter.java:418)
org.openqa.selenium.ElementClickInterceptedException: element click intercepted: Element <mat-select _ngcontent-ng-c1168238639="" role="combobox" aria-autocomplete="none" aria-haspopup="listbox" ngskiphydration="" formcontrolname="status" required="" class="mat-mdc-select ng-tns-c1560157577-72 ng-tns-c3673195382-71 mat-mdc-select-required ng-valid ng-star-inserted ng-touched ng-dirty" aria-labelledby="mat-mdc-form-field-label-40 mat-select-value-35" id="mat-select-34" tabindex="0" aria-expanded="false" aria-required="true" aria-disabled="false" aria-invalid="false">...</mat-select> is not clickable at point (933, 275). Other element would receive the click: <div aria-labelledby="swal2-title" aria-describedby="swal2-html-container" class="swal2-popup swal2-modal swal2-icon-success swal2-show" tabindex="-1" role="dialog" aria-live="assertive" aria-modal="true" style="display: grid;">...</div>
  (Session info: chrome=124.0.6367.119)
Build info: version: '4.12.1', revision: '8e34639b11'
System info: os.name: 'Windows 10', os.arch: 'amd64', os.version: '10.0', java.version: '11.0.21'
Driver info: org.openqa.selenium.chrome.ChromeDriver
Command: [782ec5c14916c3a33f06cf950d77f4d2, clickElement {id=f.53E485F175CDF790C6FA835A46280E7A.d.87A9430163DA78EB311FB43CE3D28791.e.276}]
Capabilities {acceptInsecureCerts: false, browserName: chrome, browserVersion: 124.0.6367.119, chrome: {chromedriverVersion: 124.0.6367.201 (46cf136d27d..., userDataDir: C:\Users\admin\AppData\Loca...}, fedcm:accounts: true, goog:chromeOptions: {debuggerAddress: localhost:56066}, networkConnectionEnabled: false, pageLoadStrategy: normal, platformName: windows, proxy: Proxy(), se:cdp: ws://localhost:56066/devtoo..., se:cdpVersion: 124.0.6367.119, setWindowRect: true, strictFileInteractability: false, timeouts: {implicit: 0, pageLoad: 300000, script: 30000}, unhandledPromptBehavior: dismiss and notify, webauthn:extension:credBlob: true, webauthn:extension:largeBlob: true, webauthn:extension:minPinLength: true, webauthn:extension:prf: true, webauthn:virtualAuthenticators: true}
Element: [[ChromeDriver: chrome on windows (782ec5c14916c3a33f06cf950d77f4d2)] -> xpath: //mat-select[@formcontrolname='status']]
Session ID: 782ec5c14916c3a33f06cf950d77f4d2
	at java.base/jdk.internal.reflect.NativeConstructorAccessorImpl.newInstance0(Native Method)
	at java.base/jdk.internal.reflect.NativeConstructorAccessorImpl.newInstance(NativeConstructorAccessorImpl.java:62)
	at java.base/jdk.internal.reflect.DelegatingConstructorAccessorImpl.newInstance(DelegatingConstructorAccessorImpl.java:45)
	at java.base/java.lang.reflect.Constructor.newInstance(Constructor.java:490)
	at org.openqa.selenium.remote.codec.w3c.W3CHttpResponseCodec.createException(W3CHttpResponseCodec.java:200)
	at org.openqa.selenium.remote.codec.w3c.W3CHttpResponseCodec.decode(W3CHttpResponseCodec.java:133)
	at org.openqa.selenium.remote.codec.w3c.W3CHttpResponseCodec.decode(W3CHttpResponseCodec.java:52)
	at org.openqa.selenium.remote.HttpCommandExecutor.execute(HttpCommandExecutor.java:191)
	at org.openqa.selenium.remote.service.DriverCommandExecutor.invokeExecute(DriverCommandExecutor.java:196)
	at org.openqa.selenium.remote.service.DriverCommandExecutor.execute(DriverCommandExecutor.java:171)
	at org.openqa.selenium.remote.RemoteWebDriver.execute(RemoteWebDriver.java:602)
	at org.openqa.selenium.remote.RemoteWebElement.execute(RemoteWebElement.java:224)
	at org.openqa.selenium.remote.RemoteWebElement.click(RemoteWebElement.java:77)
	at jdk.internal.reflect.GeneratedMethodAccessor2.invoke(Unknown Source)
	at java.base/jdk.internal.reflect.DelegatingMethodAccessorImpl.invoke(DelegatingMethodAccessorImpl.java:43)
	at java.base/java.lang.reflect.Method.invoke(Method.java:566)
	at org.openqa.selenium.support.pagefactory.internal.LocatingElementHandler.invoke(LocatingElementHandler.java:51)
	at com.sun.proxy.$Proxy31.click(Unknown Source)
	at common.CommonMethods.matSelectdropdown(CommonMethods.java:20)
	at com.responsiveed.pages.InsistitutePage.selectStatus(InsistitutePage.java:58)
	at com.responsiveed.stepdefination.InstituteStepdef.user_enter_and_select_the(InstituteStepdef.java:31)
	at java.base/jdk.internal.reflect.NativeMethodAccessorImpl.invoke0(Native Method)
	at java.base/jdk.internal.reflect.NativeMethodAccessorImpl.invoke(NativeMethodAccessorImpl.java:62)
	at java.base/jdk.internal.reflect.DelegatingMethodAccessorImpl.invoke(DelegatingMethodAccessorImpl.java:43)
	at java.base/java.lang.reflect.Method.invoke(Method.java:566)
	at io.cucumber.java.Invoker.doInvoke(Invoker.java:66)
	at io.cucumber.java.Invoker.invoke(Invoker.java:24)
	at io.cucumber.java.AbstractGlueDefinition.invokeMethod(AbstractGlueDefinition.java:47)
	at io.cucumber.java.JavaStepDefinition.execute(JavaStepDefinition.java:29)
	at io.cucumber.core.runner.CoreStepDefinition.execute(CoreStepDefinition.java:66)
	at io.cucumber.core.runner.PickleStepDefinitionMatch.runStep(PickleStepDefinitionMatch.java:63)
	at io.cucumber.core.runner.ExecutionMode$1.execute(ExecutionMode.java:10)
	at io.cucumber.core.runner.TestStep.executeStep(TestStep.java:84)
	at io.cucumber.core.runner.TestStep.run(TestStep.java:56)
	at io.cucumber.core.runner.PickleStepTestStep.run(PickleStepTestStep.java:51)
	at io.cucumber.core.runner.TestCase.run(TestCase.java:84)
	at io.cucumber.core.runner.Runner.runPickle(Runner.java:75)
	at io.cucumber.testng.TestNGCucumberRunner.lambda$runScenario$1(TestNGCucumberRunner.java:132)
	at io.cucumber.core.runtime.CucumberExecutionContext.lambda$runTestCase$5(CucumberExecutionContext.java:137)
	at io.cucumber.core.runtime.RethrowingThrowableCollector.executeAndThrow(RethrowingThrowableCollector.java:23)
	at io.cucumber.core.runtime.CucumberExecutionContext.runTestCase(CucumberExecutionContext.java:137)
	at io.cucumber.testng.TestNGCucumberRunner.runScenario(TestNGCucumberRunner.java:129)
	at io.cucumber.testng.AbstractTestNGCucumberTests.runScenario(AbstractTestNGCucumberTests.java:35)
	at java.base/jdk.internal.reflect.NativeMethodAccessorImpl.invoke0(Native Method)
	at java.base/jdk.internal.reflect.NativeMethodAccessorImpl.invoke(NativeMethodAccessorImpl.java:62)
	at java.base/jdk.internal.reflect.DelegatingMethodAccessorImpl.invoke(DelegatingMethodAccessorImpl.java:43)
	at java.base/java.lang.reflect.Method.invoke(Method.java:566)
	at org.testng.internal.MethodInvocationHelper.invokeMethod(MethodInvocationHelper.java:86)
	at org.testng.internal.Invoker.invokeMethod(Invoker.java:643)
	at org.testng.internal.Invoker.invokeTestMethod(Invoker.java:820)
	at org.testng.internal.Invoker.invokeTestMethods(Invoker.java:1128)
	at org.testng.internal.TestMethodWorker.invokeTestMethods(TestMethodWorker.java:129)
	at org.testng.internal.TestMethodWorker.run(TestMethodWorker.java:112)
	at org.testng.TestRunner.privateRun(TestRunner.java:782)
	at org.testng.TestRunner.run(TestRunner.java:632)
	at org.testng.SuiteRunner.runTest(SuiteRunner.java:366)
	at org.testng.SuiteRunner.runSequentially(SuiteRunner.java:361)
	at org.testng.SuiteRunner.privateRun(SuiteRunner.java:319)
	at org.testng.SuiteRunner.run(SuiteRunner.java:268)
	at org.testng.SuiteRunnerWorker.runSuite(SuiteRunnerWorker.java:52)
	at org.testng.SuiteRunnerWorker.run(SuiteRunnerWorker.java:86)
	at org.testng.TestNG.runSuitesSequentially(TestNG.java:1244)
	at org.testng.TestNG.runSuitesLocally(TestNG.java:1169)
	at org.testng.TestNG.run(TestNG.java:1064)
	at org.apache.maven.surefire.testng.TestNGExecutor.run(TestNGExecutor.java:283)
	at org.apache.maven.surefire.testng.TestNGXmlTestSuite.execute(TestNGXmlTestSuite.java:75)
	at org.apache.maven.surefire.testng.TestNGProvider.invoke(TestNGProvider.java:120)
	at org.apache.maven.surefire.booter.ForkedBooter.invokeProviderInSameClassLoader(ForkedBooter.java:384)
	at org.apache.maven.surefire.booter.ForkedBooter.runSuitesInProcess(ForkedBooter.java:345)
	at org.apache.maven.surefire.booter.ForkedBooter.execute(ForkedBooter.java:126)
	at org.apache.maven.surefire.booter.ForkedBooter.main(ForkedBooter.java:418)
]]></system-err>
  </testcase>
</testsuite>