<?xml version="1.0" encoding="UTF-8"?>
<testng-results ignored="0" total="1" passed="1" failed="0" skipped="0">
  <reporter-output>
    <line>
      <![CDATA[About to begin executing Suite ResponsiveED_LMS-SIS enviroment]]>
    </line>
    <line>
      <![CDATA[About to begin executing Test Insistute]]>
    </line>
    <line>
      <![CDATA[About to begin executing following method : AbstractTestNGCucumberTests.setUpClass]]>
    </line>
    <line>
      <![CDATA[Completed executing following method : AbstractTestNGCucumberTests.setUpClass]]>
    </line>
    <line>
      <![CDATA[About to begin executing following method : InsistuteRunner.beforeclass]]>
    </line>
    <line>
      <![CDATA[Completed executing following method : InsistuteRunner.beforeclass]]>
    </line>
    <line>
      <![CDATA[About to begin executing following method : AbstractTestNGCucumberTests.runScenario]]>
    </line>
    <line>
      <![CDATA[Completed executing following method : AbstractTestNGCucumberTests.runScenario]]>
    </line>
    <line>
      <![CDATA[Test Method resides in com.cucumber.TestRunner.InsistuteRunner]]>
    </line>
    <line>
      <![CDATA[Test Method had the following parameters : null"Validate the insistute as InActive","Administrator - Institutions Management.",]]>
    </line>
    <line>
      <![CDATA[Test Status: Pass]]>
    </line>
    <line>
      <![CDATA[About to begin executing following method : InsistuteRunner.testDownClass]]>
    </line>
    <line>
      <![CDATA[Completed executing following method : InsistuteRunner.testDownClass]]>
    </line>
    <line>
      <![CDATA[About to begin executing following method : AbstractTestNGCucumberTests.tearDownClass]]>
    </line>
    <line>
      <![CDATA[Completed executing following method : AbstractTestNGCucumberTests.tearDownClass]]>
    </line>
  </reporter-output>
  <suite started-at="2024-05-08T14:13:20 IST" name="ResponsiveED_LMS-SIS enviroment" finished-at="2024-05-08T14:13:48 IST" duration-ms="28767">
    <groups>
      <group name="cucumber">
        <method signature="AbstractTestNGCucumberTests.runScenario(io.cucumber.testng.PickleWrapper,io.cucumber.testng.FeatureWrapper)[pri:0, instance:com.cucumber.TestRunner.InsistuteRunner@7a6d7e92]" name="runScenario" class="io.cucumber.testng.AbstractTestNGCucumberTests"/>
      </group> <!-- cucumber -->
    </groups>
    <test started-at="2024-05-08T14:13:20 IST" name="Insistute" finished-at="2024-05-08T14:13:48 IST" duration-ms="28767">
      <class name="com.cucumber.TestRunner.InsistuteRunner">
        <test-method is-config="true" signature="setUpClass(org.testng.ITestContext)[pri:0, instance:com.cucumber.TestRunner.InsistuteRunner@7a6d7e92]" started-at="2024-05-08T14:13:20 IST" name="setUpClass" finished-at="2024-05-08T14:13:20 IST" duration-ms="666" status="PASS">
          <params>
            <param index="0">
              <value>
                <![CDATA[org.testng.TestRunner@4da9da6c]]>
              </value>
            </param>
          </params>
          <reporter-output>
            <line>
              <![CDATA[Completed executing following method : AbstractTestNGCucumberTests.setUpClass]]>
            </line>
          </reporter-output>
        </test-method> <!-- setUpClass -->
        <test-method is-config="true" signature="beforeclass(java.lang.String,java.lang.String)[pri:0, instance:com.cucumber.TestRunner.InsistuteRunner@7a6d7e92]" started-at="2024-05-08T14:13:20 IST" name="beforeclass" finished-at="2024-05-08T14:13:25 IST" duration-ms="4516" status="PASS">
          <params>
            <param index="0">
              <value>
                <![CDATA[chrome]]>
              </value>
            </param>
            <param index="1">
              <value>
                <![CDATA[ResponsiveED]]>
              </value>
            </param>
          </params>
          <reporter-output>
            <line>
              <![CDATA[Completed executing following method : InsistuteRunner.beforeclass]]>
            </line>
          </reporter-output>
        </test-method> <!-- beforeclass -->
        <test-method signature="runScenario(io.cucumber.testng.PickleWrapper,io.cucumber.testng.FeatureWrapper)[pri:0, instance:com.cucumber.TestRunner.InsistuteRunner@7a6d7e92]" started-at="2024-05-08T14:13:25 IST" name="runScenario" description="Runs Cucumber Scenarios" data-provider="scenarios" finished-at="2024-05-08T14:13:46 IST" duration-ms="20890" status="PASS">
          <params>
            <param index="0">
              <value>
                <![CDATA["Validate the insistute as InActive"]]>
              </value>
            </param>
            <param index="1">
              <value>
                <![CDATA["Administrator - Institutions Management."]]>
              </value>
            </param>
          </params>
          <reporter-output>
            <line>
              <![CDATA[About to begin executing following method : AbstractTestNGCucumberTests.runScenario]]>
            </line>
            <line>
              <![CDATA[Completed executing following method : AbstractTestNGCucumberTests.runScenario]]>
            </line>
            <line>
              <![CDATA[Test Method resides in com.cucumber.TestRunner.InsistuteRunner]]>
            </line>
            <line>
              <![CDATA[Test Method had the following parameters : null"Validate the insistute as InActive","Administrator - Institutions Management.",]]>
            </line>
            <line>
              <![CDATA[Test Status: Pass]]>
            </line>
          </reporter-output>
        </test-method> <!-- runScenario -->
        <test-method is-config="true" signature="testDownClass()[pri:0, instance:com.cucumber.TestRunner.InsistuteRunner@7a6d7e92]" started-at="2024-05-08T14:13:46 IST" name="testDownClass" finished-at="2024-05-08T14:13:46 IST" duration-ms="791" status="PASS">
          <reporter-output>
            <line>
              <![CDATA[Completed executing following method : InsistuteRunner.testDownClass]]>
            </line>
          </reporter-output>
        </test-method> <!-- testDownClass -->
        <test-method is-config="true" signature="tearDownClass()[pri:0, instance:com.cucumber.TestRunner.InsistuteRunner@7a6d7e92]" started-at="2024-05-08T14:13:46 IST" name="tearDownClass" finished-at="2024-05-08T14:13:48 IST" duration-ms="1854" status="PASS">
          <reporter-output>
            <line>
              <![CDATA[Completed executing following method : AbstractTestNGCucumberTests.tearDownClass]]>
            </line>
          </reporter-output>
        </test-method> <!-- tearDownClass -->
      </class> <!-- com.cucumber.TestRunner.InsistuteRunner -->
    </test> <!-- Insistute -->
  </suite> <!-- ResponsiveED_LMS-SIS enviroment -->
</testng-results>
