<?xml version="1.0" encoding="UTF-8"?>
<testng-results ignored="0" total="3" passed="2" failed="1" skipped="0">
  <reporter-output>
    <line>
      <![CDATA[About to begin executing Suite ResponsiveED_LMS-SIS enviroment]]>
    </line>
    <line>
      <![CDATA[About to begin executing Test Insistute]]>
    </line>
    <line>
      <![CDATA[About to begin executing following method : AbstractTestNGCucumberTests.setUpClass]]>
    </line>
    <line>
      <![CDATA[Completed executing following method : AbstractTestNGCucumberTests.setUpClass]]>
    </line>
    <line>
      <![CDATA[About to begin executing following method : InsistuteRunner.beforeclass]]>
    </line>
    <line>
      <![CDATA[Completed executing following method : InsistuteRunner.beforeclass]]>
    </line>
    <line>
      <![CDATA[About to begin executing following method : AbstractTestNGCucumberTests.runScenario]]>
    </line>
    <line>
      <![CDATA[Completed executing following method : AbstractTestNGCucumberTests.runScenario]]>
    </line>
    <line>
      <![CDATA[Test Method resides in com.cucumber.TestRunner.InsistuteRunner]]>
    </line>
    <line>
      <![CDATA[Test Method had the following parameters : null"Verify the Filter Criteria in Institutions","Administrator - Institutions Management.",]]>
    </line>
    <line>
      <![CDATA[Test Status: Pass]]>
    </line>
    <line>
      <![CDATA[About to begin executing following method : AbstractTestNGCucumberTests.runScenario]]>
    </line>
    <line>
      <![CDATA[Completed executing following method : AbstractTestNGCucumberTests.runScenario]]>
    </line>
    <line>
      <![CDATA[Test Method resides in com.cucumber.TestRunner.InsistuteRunner]]>
    </line>
    <line>
      <![CDATA[Test Method had the following parameters : null"Validate the insistute as InActive","Administrator - Institutions Management.",]]>
    </line>
    <line>
      <![CDATA[Test Status: Pass]]>
    </line>
    <line>
      <![CDATA[About to begin executing following method : AbstractTestNGCucumberTests.runScenario]]>
    </line>
    <line>
      <![CDATA[Completed executing following method : AbstractTestNGCucumberTests.runScenario]]>
    </line>
    <line>
      <![CDATA[About to begin executing following method : InsistuteRunner.testDownClass]]>
    </line>
    <line>
      <![CDATA[Completed executing following method : InsistuteRunner.testDownClass]]>
    </line>
    <line>
      <![CDATA[About to begin executing following method : AbstractTestNGCucumberTests.tearDownClass]]>
    </line>
    <line>
      <![CDATA[Completed executing following method : AbstractTestNGCucumberTests.tearDownClass]]>
    </line>
  </reporter-output>
  <suite started-at="2024-05-07T11:28:21 IST" name="ResponsiveED_LMS-SIS enviroment" finished-at="2024-05-07T11:29:47 IST" duration-ms="86261">
    <groups>
      <group name="cucumber">
        <method signature="AbstractTestNGCucumberTests.runScenario(io.cucumber.testng.PickleWrapper,io.cucumber.testng.FeatureWrapper)[pri:0, instance:com.cucumber.TestRunner.InsistuteRunner@7a6d7e92]" name="runScenario" class="io.cucumber.testng.AbstractTestNGCucumberTests"/>
      </group> <!-- cucumber -->
    </groups>
    <test started-at="2024-05-07T11:28:21 IST" name="Insistute" finished-at="2024-05-07T11:29:47 IST" duration-ms="86261">
      <class name="com.cucumber.TestRunner.InsistuteRunner">
        <test-method is-config="true" signature="setUpClass(org.testng.ITestContext)[pri:0, instance:com.cucumber.TestRunner.InsistuteRunner@7a6d7e92]" started-at="2024-05-07T11:28:21 IST" name="setUpClass" finished-at="2024-05-07T11:28:21 IST" duration-ms="818" status="PASS">
          <params>
            <param index="0">
              <value>
                <![CDATA[org.testng.TestRunner@67d55a46]]>
              </value>
            </param>
          </params>
          <reporter-output>
            <line>
              <![CDATA[Completed executing following method : AbstractTestNGCucumberTests.setUpClass]]>
            </line>
          </reporter-output>
        </test-method> <!-- setUpClass -->
        <test-method is-config="true" signature="beforeclass(java.lang.String,java.lang.String)[pri:0, instance:com.cucumber.TestRunner.InsistuteRunner@7a6d7e92]" started-at="2024-05-07T11:28:21 IST" name="beforeclass" finished-at="2024-05-07T11:28:26 IST" duration-ms="4956" status="PASS">
          <params>
            <param index="0">
              <value>
                <![CDATA[chrome]]>
              </value>
            </param>
            <param index="1">
              <value>
                <![CDATA[ResponsiveED]]>
              </value>
            </param>
          </params>
          <reporter-output>
            <line>
              <![CDATA[Completed executing following method : InsistuteRunner.beforeclass]]>
            </line>
          </reporter-output>
        </test-method> <!-- beforeclass -->
        <test-method signature="runScenario(io.cucumber.testng.PickleWrapper,io.cucumber.testng.FeatureWrapper)[pri:0, instance:com.cucumber.TestRunner.InsistuteRunner@7a6d7e92]" started-at="2024-05-07T11:28:26 IST" name="runScenario" description="Runs Cucumber Scenarios" data-provider="scenarios" finished-at="2024-05-07T11:28:43 IST" duration-ms="16857" status="PASS">
          <params>
            <param index="0">
              <value>
                <![CDATA["Verify the Filter Criteria in Institutions"]]>
              </value>
            </param>
            <param index="1">
              <value>
                <![CDATA["Administrator - Institutions Management."]]>
              </value>
            </param>
          </params>
          <reporter-output>
            <line>
              <![CDATA[About to begin executing following method : AbstractTestNGCucumberTests.runScenario]]>
            </line>
            <line>
              <![CDATA[Completed executing following method : AbstractTestNGCucumberTests.runScenario]]>
            </line>
            <line>
              <![CDATA[Test Method resides in com.cucumber.TestRunner.InsistuteRunner]]>
            </line>
            <line>
              <![CDATA[Test Method had the following parameters : null"Verify the Filter Criteria in Institutions","Administrator - Institutions Management.",]]>
            </line>
            <line>
              <![CDATA[Test Status: Pass]]>
            </line>
          </reporter-output>
        </test-method> <!-- runScenario -->
        <test-method signature="runScenario(io.cucumber.testng.PickleWrapper,io.cucumber.testng.FeatureWrapper)[pri:0, instance:com.cucumber.TestRunner.InsistuteRunner@7a6d7e92]" started-at="2024-05-07T11:28:43 IST" name="runScenario" description="Runs Cucumber Scenarios" data-provider="scenarios" finished-at="2024-05-07T11:29:28 IST" duration-ms="45222" status="PASS">
          <params>
            <param index="0">
              <value>
                <![CDATA["Validate the insistute as InActive"]]>
              </value>
            </param>
            <param index="1">
              <value>
                <![CDATA["Administrator - Institutions Management."]]>
              </value>
            </param>
          </params>
          <reporter-output>
            <line>
              <![CDATA[About to begin executing following method : AbstractTestNGCucumberTests.runScenario]]>
            </line>
            <line>
              <![CDATA[Completed executing following method : AbstractTestNGCucumberTests.runScenario]]>
            </line>
            <line>
              <![CDATA[Test Method resides in com.cucumber.TestRunner.InsistuteRunner]]>
            </line>
            <line>
              <![CDATA[Test Method had the following parameters : null"Validate the insistute as InActive","Administrator - Institutions Management.",]]>
            </line>
            <line>
              <![CDATA[Test Status: Pass]]>
            </line>
          </reporter-output>
        </test-method> <!-- runScenario -->
        <test-method signature="runScenario(io.cucumber.testng.PickleWrapper,io.cucumber.testng.FeatureWrapper)[pri:0, instance:com.cucumber.TestRunner.InsistuteRunner@7a6d7e92]" started-at="2024-05-07T11:29:28 IST" name="runScenario" description="Runs Cucumber Scenarios" data-provider="scenarios" finished-at="2024-05-07T11:29:44 IST" duration-ms="15380" status="FAIL">
          <params>
            <param index="0">
              <value>
                <![CDATA["Validate the insistute as InActive"]]>
              </value>
            </param>
            <param index="1">
              <value>
                <![CDATA["Administrator - Institutions Management."]]>
              </value>
            </param>
          </params>
          <exception class="org.openqa.selenium.ElementClickInterceptedException">
            <message>
              <![CDATA[element click intercepted: Element <button _ngcontent-ng-c1168238639="" mat-flat-button="" color="primary" type="submit" mat-ripple-loader-class-name="mat-mdc-button-ripple" class="mdc-button mdc-button--unelevated mat-mdc-unelevated-button mat-primary mat-mdc-button-base">...</button> is not clickable at point (1122, 275). Other element would receive the click: <div class="cdk-overlay-backdrop cdk-overlay-transparent-backdrop cdk-overlay-backdrop-showing"></div>
  (Session info: chrome=124.0.6367.119)
Build info: version: '4.12.1', revision: '8e34639b11'
System info: os.name: 'Windows 10', os.arch: 'amd64', os.version: '10.0', java.version: '11.0.21'
Driver info: org.openqa.selenium.chrome.ChromeDriver
Command: [ddb52830f56eb84f5072e40802d9dc9a, clickElement {id=f.2E709D54AF240DEEB5BD092C7FC48E70.d.795048439A692CDB3FB38BFD62DDFDF1.e.292}]
Capabilities {acceptInsecureCerts: false, browserName: chrome, browserVersion: 124.0.6367.119, chrome: {chromedriverVersion: 124.0.6367.91 (51df0e5e17a8..., userDataDir: C:\Users\admin\AppData\Loca...}, fedcm:accounts: true, goog:chromeOptions: {debuggerAddress: localhost:61729}, networkConnectionEnabled: false, pageLoadStrategy: normal, platformName: windows, proxy: Proxy(), se:cdp: ws://localhost:61729/devtoo..., se:cdpVersion: 124.0.6367.119, setWindowRect: true, strictFileInteractability: false, timeouts: {implicit: 0, pageLoad: 300000, script: 30000}, unhandledPromptBehavior: dismiss and notify, webauthn:extension:credBlob: true, webauthn:extension:largeBlob: true, webauthn:extension:minPinLength: true, webauthn:extension:prf: true, webauthn:virtualAuthenticators: true}
Element: [[ChromeDriver: chrome on windows (ddb52830f56eb84f5072e40802d9dc9a)] -> xpath: //*[text()='GO']//parent::button]
Session ID: ddb52830f56eb84f5072e40802d9dc9a]]>
            </message>
            <full-stacktrace>
              <![CDATA[org.openqa.selenium.ElementClickInterceptedException: element click intercepted: Element <button _ngcontent-ng-c1168238639="" mat-flat-button="" color="primary" type="submit" mat-ripple-loader-class-name="mat-mdc-button-ripple" class="mdc-button mdc-button--unelevated mat-mdc-unelevated-button mat-primary mat-mdc-button-base">...</button> is not clickable at point (1122, 275). Other element would receive the click: <div class="cdk-overlay-backdrop cdk-overlay-transparent-backdrop cdk-overlay-backdrop-showing"></div>
  (Session info: chrome=124.0.6367.119)
Build info: version: '4.12.1', revision: '8e34639b11'
System info: os.name: 'Windows 10', os.arch: 'amd64', os.version: '10.0', java.version: '11.0.21'
Driver info: org.openqa.selenium.chrome.ChromeDriver
Command: [ddb52830f56eb84f5072e40802d9dc9a, clickElement {id=f.2E709D54AF240DEEB5BD092C7FC48E70.d.795048439A692CDB3FB38BFD62DDFDF1.e.292}]
Capabilities {acceptInsecureCerts: false, browserName: chrome, browserVersion: 124.0.6367.119, chrome: {chromedriverVersion: 124.0.6367.91 (51df0e5e17a8..., userDataDir: C:\Users\admin\AppData\Loca...}, fedcm:accounts: true, goog:chromeOptions: {debuggerAddress: localhost:61729}, networkConnectionEnabled: false, pageLoadStrategy: normal, platformName: windows, proxy: Proxy(), se:cdp: ws://localhost:61729/devtoo..., se:cdpVersion: 124.0.6367.119, setWindowRect: true, strictFileInteractability: false, timeouts: {implicit: 0, pageLoad: 300000, script: 30000}, unhandledPromptBehavior: dismiss and notify, webauthn:extension:credBlob: true, webauthn:extension:largeBlob: true, webauthn:extension:minPinLength: true, webauthn:extension:prf: true, webauthn:virtualAuthenticators: true}
Element: [[ChromeDriver: chrome on windows (ddb52830f56eb84f5072e40802d9dc9a)] -> xpath: //*[text()='GO']//parent::button]
Session ID: ddb52830f56eb84f5072e40802d9dc9a
at java.base/jdk.internal.reflect.NativeConstructorAccessorImpl.newInstance0(Native Method)
at java.base/jdk.internal.reflect.NativeConstructorAccessorImpl.newInstance(NativeConstructorAccessorImpl.java:62)
at java.base/jdk.internal.reflect.DelegatingConstructorAccessorImpl.newInstance(DelegatingConstructorAccessorImpl.java:45)
at java.base/java.lang.reflect.Constructor.newInstance(Constructor.java:490)
at org.openqa.selenium.remote.codec.w3c.W3CHttpResponseCodec.createException(W3CHttpResponseCodec.java:200)
at org.openqa.selenium.remote.codec.w3c.W3CHttpResponseCodec.decode(W3CHttpResponseCodec.java:133)
at org.openqa.selenium.remote.codec.w3c.W3CHttpResponseCodec.decode(W3CHttpResponseCodec.java:52)
at org.openqa.selenium.remote.HttpCommandExecutor.execute(HttpCommandExecutor.java:191)
at org.openqa.selenium.remote.service.DriverCommandExecutor.invokeExecute(DriverCommandExecutor.java:196)
at org.openqa.selenium.remote.service.DriverCommandExecutor.execute(DriverCommandExecutor.java:171)
at org.openqa.selenium.remote.RemoteWebDriver.execute(RemoteWebDriver.java:602)
at org.openqa.selenium.remote.RemoteWebElement.execute(RemoteWebElement.java:224)
at org.openqa.selenium.remote.RemoteWebElement.click(RemoteWebElement.java:77)
at jdk.internal.reflect.GeneratedMethodAccessor3.invoke(Unknown Source)
at java.base/jdk.internal.reflect.DelegatingMethodAccessorImpl.invoke(DelegatingMethodAccessorImpl.java:43)
at java.base/java.lang.reflect.Method.invoke(Method.java:566)
at org.openqa.selenium.support.pagefactory.internal.LocatingElementHandler.invoke(LocatingElementHandler.java:51)
at com.sun.proxy.$Proxy34.click(Unknown Source)
at com.responsiveed.pages.CommonElements.clickGobutton(CommonElements.java:67)
at com.responsiveed.stepdefination.CommonSetpdef.click_on_GO_button(CommonSetpdef.java:52)
at ✽.Click on GO button(file:///E:/ResponcesiveED_Space/AutomationResponsiveED07/src/test/resources/features/Institute.feature:53)
]]>
            </full-stacktrace>
          </exception> <!-- org.openqa.selenium.ElementClickInterceptedException -->
          <reporter-output>
            <line>
              <![CDATA[About to begin executing following method : AbstractTestNGCucumberTests.runScenario]]>
            </line>
            <line>
              <![CDATA[Completed executing following method : AbstractTestNGCucumberTests.runScenario]]>
            </line>
          </reporter-output>
        </test-method> <!-- runScenario -->
        <test-method is-config="true" signature="testDownClass()[pri:0, instance:com.cucumber.TestRunner.InsistuteRunner@7a6d7e92]" started-at="2024-05-07T11:29:44 IST" name="testDownClass" finished-at="2024-05-07T11:29:45 IST" duration-ms="799" status="PASS">
          <reporter-output>
            <line>
              <![CDATA[Completed executing following method : InsistuteRunner.testDownClass]]>
            </line>
          </reporter-output>
        </test-method> <!-- testDownClass -->
        <test-method is-config="true" signature="tearDownClass()[pri:0, instance:com.cucumber.TestRunner.InsistuteRunner@7a6d7e92]" started-at="2024-05-07T11:29:45 IST" name="tearDownClass" finished-at="2024-05-07T11:29:47 IST" duration-ms="2165" status="PASS">
          <reporter-output>
            <line>
              <![CDATA[Completed executing following method : AbstractTestNGCucumberTests.tearDownClass]]>
            </line>
          </reporter-output>
        </test-method> <!-- tearDownClass -->
      </class> <!-- com.cucumber.TestRunner.InsistuteRunner -->
    </test> <!-- Insistute -->
  </suite> <!-- ResponsiveED_LMS-SIS enviroment -->
</testng-results>
