<?xml version="1.0" encoding="UTF-8"?>
<testng-results ignored="0" total="3" passed="2" failed="1" skipped="0">
  <reporter-output>
    <line>
      <![CDATA[About to begin executing Suite ResponsiveED_LMS-SIS enviroment]]>
    </line>
    <line>
      <![CDATA[About to begin executing Test Insistute]]>
    </line>
    <line>
      <![CDATA[About to begin executing following method : AbstractTestNGCucumberTests.setUpClass]]>
    </line>
    <line>
      <![CDATA[Completed executing following method : AbstractTestNGCucumberTests.setUpClass]]>
    </line>
    <line>
      <![CDATA[About to begin executing following method : InsistuteRunner.beforeclass]]>
    </line>
    <line>
      <![CDATA[Completed executing following method : InsistuteRunner.beforeclass]]>
    </line>
    <line>
      <![CDATA[About to begin executing following method : AbstractTestNGCucumberTests.runScenario]]>
    </line>
    <line>
      <![CDATA[Completed executing following method : AbstractTestNGCucumberTests.runScenario]]>
    </line>
    <line>
      <![CDATA[Test Method resides in com.cucumber.TestRunner.InsistuteRunner]]>
    </line>
    <line>
      <![CDATA[Test Method had the following parameters : null"Verify the Filter Criteria in Institutions","Administrator - Institutions Management.",]]>
    </line>
    <line>
      <![CDATA[Test Status: Pass]]>
    </line>
    <line>
      <![CDATA[About to begin executing following method : AbstractTestNGCucumberTests.runScenario]]>
    </line>
    <line>
      <![CDATA[Completed executing following method : AbstractTestNGCucumberTests.runScenario]]>
    </line>
    <line>
      <![CDATA[Test Method resides in com.cucumber.TestRunner.InsistuteRunner]]>
    </line>
    <line>
      <![CDATA[Test Method had the following parameters : null"Validate the insistute as InActive","Administrator - Institutions Management.",]]>
    </line>
    <line>
      <![CDATA[Test Status: Pass]]>
    </line>
    <line>
      <![CDATA[About to begin executing following method : AbstractTestNGCucumberTests.runScenario]]>
    </line>
    <line>
      <![CDATA[Completed executing following method : AbstractTestNGCucumberTests.runScenario]]>
    </line>
    <line>
      <![CDATA[About to begin executing following method : InsistuteRunner.testDownClass]]>
    </line>
    <line>
      <![CDATA[Completed executing following method : InsistuteRunner.testDownClass]]>
    </line>
    <line>
      <![CDATA[About to begin executing following method : AbstractTestNGCucumberTests.tearDownClass]]>
    </line>
    <line>
      <![CDATA[Completed executing following method : AbstractTestNGCucumberTests.tearDownClass]]>
    </line>
  </reporter-output>
  <suite started-at="2024-05-20T08:45:21 IST" name="ResponsiveED_LMS-SIS enviroment" finished-at="2024-05-20T08:46:47 IST" duration-ms="85913">
    <groups>
      <group name="cucumber">
        <method signature="AbstractTestNGCucumberTests.runScenario(io.cucumber.testng.PickleWrapper,io.cucumber.testng.FeatureWrapper)[pri:0, instance:com.cucumber.TestRunner.InsistuteRunner@7a6d7e92]" name="runScenario" class="io.cucumber.testng.AbstractTestNGCucumberTests"/>
      </group> <!-- cucumber -->
    </groups>
    <test started-at="2024-05-20T08:45:21 IST" name="Insistute" finished-at="2024-05-20T08:46:47 IST" duration-ms="85913">
      <class name="com.cucumber.TestRunner.InsistuteRunner">
        <test-method is-config="true" signature="setUpClass(org.testng.ITestContext)[pri:0, instance:com.cucumber.TestRunner.InsistuteRunner@7a6d7e92]" started-at="2024-05-20T08:45:21 IST" name="setUpClass" finished-at="2024-05-20T08:45:21 IST" duration-ms="560" status="PASS">
          <params>
            <param index="0">
              <value>
                <![CDATA[org.testng.TestRunner@35d62807]]>
              </value>
            </param>
          </params>
          <reporter-output>
            <line>
              <![CDATA[Completed executing following method : AbstractTestNGCucumberTests.setUpClass]]>
            </line>
          </reporter-output>
        </test-method> <!-- setUpClass -->
        <test-method is-config="true" signature="beforeclass(java.lang.String,java.lang.String)[pri:0, instance:com.cucumber.TestRunner.InsistuteRunner@7a6d7e92]" started-at="2024-05-20T08:45:21 IST" name="beforeclass" finished-at="2024-05-20T08:45:25 IST" duration-ms="3241" status="PASS">
          <params>
            <param index="0">
              <value>
                <![CDATA[chrome]]>
              </value>
            </param>
            <param index="1">
              <value>
                <![CDATA[ResponsiveED]]>
              </value>
            </param>
          </params>
          <reporter-output>
            <line>
              <![CDATA[Completed executing following method : InsistuteRunner.beforeclass]]>
            </line>
          </reporter-output>
        </test-method> <!-- beforeclass -->
        <test-method signature="runScenario(io.cucumber.testng.PickleWrapper,io.cucumber.testng.FeatureWrapper)[pri:0, instance:com.cucumber.TestRunner.InsistuteRunner@7a6d7e92]" started-at="2024-05-20T08:45:25 IST" name="runScenario" description="Runs Cucumber Scenarios" data-provider="scenarios" finished-at="2024-05-20T08:45:38 IST" duration-ms="12945" status="PASS">
          <params>
            <param index="0">
              <value>
                <![CDATA["Verify the Filter Criteria in Institutions"]]>
              </value>
            </param>
            <param index="1">
              <value>
                <![CDATA["Administrator - Institutions Management."]]>
              </value>
            </param>
          </params>
          <reporter-output>
            <line>
              <![CDATA[About to begin executing following method : AbstractTestNGCucumberTests.runScenario]]>
            </line>
            <line>
              <![CDATA[Completed executing following method : AbstractTestNGCucumberTests.runScenario]]>
            </line>
            <line>
              <![CDATA[Test Method resides in com.cucumber.TestRunner.InsistuteRunner]]>
            </line>
            <line>
              <![CDATA[Test Method had the following parameters : null"Verify the Filter Criteria in Institutions","Administrator - Institutions Management.",]]>
            </line>
            <line>
              <![CDATA[Test Status: Pass]]>
            </line>
          </reporter-output>
        </test-method> <!-- runScenario -->
        <test-method signature="runScenario(io.cucumber.testng.PickleWrapper,io.cucumber.testng.FeatureWrapper)[pri:0, instance:com.cucumber.TestRunner.InsistuteRunner@7a6d7e92]" started-at="2024-05-20T08:45:38 IST" name="runScenario" description="Runs Cucumber Scenarios" data-provider="scenarios" finished-at="2024-05-20T08:46:19 IST" duration-ms="41326" status="PASS">
          <params>
            <param index="0">
              <value>
                <![CDATA["Validate the insistute as InActive"]]>
              </value>
            </param>
            <param index="1">
              <value>
                <![CDATA["Administrator - Institutions Management."]]>
              </value>
            </param>
          </params>
          <reporter-output>
            <line>
              <![CDATA[About to begin executing following method : AbstractTestNGCucumberTests.runScenario]]>
            </line>
            <line>
              <![CDATA[Completed executing following method : AbstractTestNGCucumberTests.runScenario]]>
            </line>
            <line>
              <![CDATA[Test Method resides in com.cucumber.TestRunner.InsistuteRunner]]>
            </line>
            <line>
              <![CDATA[Test Method had the following parameters : null"Validate the insistute as InActive","Administrator - Institutions Management.",]]>
            </line>
            <line>
              <![CDATA[Test Status: Pass]]>
            </line>
          </reporter-output>
        </test-method> <!-- runScenario -->
        <test-method signature="runScenario(io.cucumber.testng.PickleWrapper,io.cucumber.testng.FeatureWrapper)[pri:0, instance:com.cucumber.TestRunner.InsistuteRunner@7a6d7e92]" started-at="2024-05-20T08:46:19 IST" name="runScenario" description="Runs Cucumber Scenarios" data-provider="scenarios" finished-at="2024-05-20T08:46:44 IST" duration-ms="25266" status="FAIL">
          <params>
            <param index="0">
              <value>
                <![CDATA["Validate the insistute as InActive"]]>
              </value>
            </param>
            <param index="1">
              <value>
                <![CDATA["Administrator - Institutions Management."]]>
              </value>
            </param>
          </params>
          <exception class="java.lang.AssertionError">
            <message>
              <![CDATA[null]]>
            </message>
            <full-stacktrace>
              <![CDATA[java.lang.AssertionError: null
at org.testng.Assert.fail(Assert.java:99)
at org.testng.Assert.fail(Assert.java:106)
at com.responsiveed.pages.SchoolYearPage.verifyRecord(SchoolYearPage.java:138)
at com.responsiveed.pages.SchoolYearPage.verifycreateSchoolYear(SchoolYearPage.java:91)
at com.responsiveed.stepdefination.InstituteStepdef.verifySchoolYearRecord(InstituteStepdef.java:89)
at ✽.Verify the add school year record "SchoolYearName" "StartDate" "EndDate" "ExtendedDate" "Action2"(file:///E:/ResponcesiveED_Space/AutomationResponsiveED07/src/test/resources/features/Institute.feature:57)
]]>
            </full-stacktrace>
          </exception> <!-- java.lang.AssertionError -->
          <reporter-output>
            <line>
              <![CDATA[About to begin executing following method : AbstractTestNGCucumberTests.runScenario]]>
            </line>
            <line>
              <![CDATA[Completed executing following method : AbstractTestNGCucumberTests.runScenario]]>
            </line>
          </reporter-output>
        </test-method> <!-- runScenario -->
        <test-method is-config="true" signature="testDownClass()[pri:0, instance:com.cucumber.TestRunner.InsistuteRunner@7a6d7e92]" started-at="2024-05-20T08:46:44 IST" name="testDownClass" finished-at="2024-05-20T08:46:45 IST" duration-ms="607" status="PASS">
          <reporter-output>
            <line>
              <![CDATA[Completed executing following method : InsistuteRunner.testDownClass]]>
            </line>
          </reporter-output>
        </test-method> <!-- testDownClass -->
        <test-method is-config="true" signature="tearDownClass()[pri:0, instance:com.cucumber.TestRunner.InsistuteRunner@7a6d7e92]" started-at="2024-05-20T08:46:45 IST" name="tearDownClass" finished-at="2024-05-20T08:46:47 IST" duration-ms="1923" status="PASS">
          <reporter-output>
            <line>
              <![CDATA[Completed executing following method : AbstractTestNGCucumberTests.tearDownClass]]>
            </line>
          </reporter-output>
        </test-method> <!-- tearDownClass -->
      </class> <!-- com.cucumber.TestRunner.InsistuteRunner -->
    </test> <!-- Insistute -->
  </suite> <!-- ResponsiveED_LMS-SIS enviroment -->
</testng-results>
