<?xml version="1.0" encoding="UTF-8"?>
<!-- Generated by org.testng.reporters.JUnitReportReporter -->
<testsuite hostname="Pradeep-SS195" failures="1" tests="3" name="com.cucumber.TestRunner.InsistuteRunner" time="79.537" errors="0" timestamp="2024-05-20T08:46:47 IST" skipped="0">
  <testcase classname="com.cucumber.TestRunner.InsistuteRunner" name="runScenario" time="12.945"/>
  <system-out>
    <![CDATA[About to begin executing following method : AbstractTestNGCucumberTests.runScenario
Completed executing following method : AbstractTestNGCucumberTests.runScenario
Test Method resides in com.cucumber.TestRunner.InsistuteRunner
Test Method had the following parameters : null"Verify the Filter Criteria in Institutions","Administrator - Institutions Management.",
Test Status: Pass]]>
  </system-out>
  <testcase classname="com.cucumber.TestRunner.InsistuteRunner" name="runScenario" time="41.326"/>
  <system-out>
    <![CDATA[About to begin executing following method : AbstractTestNGCucumberTests.runScenario
Completed executing following method : AbstractTestNGCucumberTests.runScenario
Test Method resides in com.cucumber.TestRunner.InsistuteRunner
Test Method had the following parameters : null"Validate the insistute as InActive","Administrator - Institutions Management.",
Test Status: Pass]]>
  </system-out>
  <testcase classname="com.cucumber.TestRunner.InsistuteRunner" name="runScenario" time="25.266">
    <failure message="null" type="java.lang.AssertionError">
      <![CDATA[java.lang.AssertionError: null
at org.testng.Assert.fail(Assert.java:99)
at org.testng.Assert.fail(Assert.java:106)
at com.responsiveed.pages.SchoolYearPage.verifyRecord(SchoolYearPage.java:138)
at com.responsiveed.pages.SchoolYearPage.verifycreateSchoolYear(SchoolYearPage.java:91)
at com.responsiveed.stepdefination.InstituteStepdef.verifySchoolYearRecord(InstituteStepdef.java:89)
at ✽.Verify the add school year record "SchoolYearName" "StartDate" "EndDate" "ExtendedDate" "Action2"(file:///E:/ResponcesiveED_Space/AutomationResponsiveED07/src/test/resources/features/Institute.feature:57)
]]>
    </failure>
  </testcase> <!-- runScenario -->
  <system-out>
    <![CDATA[About to begin executing following method : AbstractTestNGCucumberTests.runScenario
Completed executing following method : AbstractTestNGCucumberTests.runScenario]]>
  </system-out>
</testsuite> <!-- com.cucumber.TestRunner.InsistuteRunner -->
